Using pre-set license
Built from '2020.2/release' branch; Version is '2020.2.2f1 (068178b99f32) revision 426360'; Using compiler version '192528614'; Build Type 'Release'
OS: 'Windows 10 Home; OS build 22000.318; Version 2009; 64bit' Language: 'en' Physical Memory: 16122 MB
BatchMode: 1, IsHumanControllingUs: 0, StartBugReporterOnCrash: 0, Is64bit: 1, IsPro: 0

 COMMAND LINE ARGUMENTS:
C:\Program Files\Unity\Hub\Editor\2020.2.2f1\Editor\Unity.exe
-adb2
-batchMode
-noUpm
-name
AssetImportWorker0
-projectPath
C:/Users/piehu/Documents/GitHub/GameJamInnerSpace
-logFile
Logs/AssetImportWorker0.log
-srvPort
64759
Successfully changed project path to: C:/Users/piehu/Documents/GitHub/GameJamInnerSpace
C:/Users/piehu/Documents/GitHub/GameJamInnerSpace
Using Asset Import Pipeline V2.
Refreshing native plugins compatible for Editor in 38.40 ms, found 0 plugins.
Preloading 0 native plugins for Editor in 0.00 ms.
Initialize engine version: 2020.2.2f1 (068178b99f32)
[Subsystems] Discovering subsystems at path C:/Program Files/Unity/Hub/Editor/2020.2.2f1/Editor/Data/Resources/UnitySubsystems
[Subsystems] Discovering subsystems at path C:/Users/piehu/Documents/GitHub/GameJamInnerSpace/Assets
GfxDevice: creating device client; threaded=0
Direct3D:
    Version:  Direct3D 11.0 [level 11.1]
    Renderer: NVIDIA GeForce GTX 1650 Ti with Max-Q Design (ID=0x1f95)
    Vendor:   
    VRAM:     3962 MB
    Driver:   30.0.14.9676
Initialize mono
Mono path[0] = 'C:/Program Files/Unity/Hub/Editor/2020.2.2f1/Editor/Data/Managed'
Mono path[1] = 'C:/Program Files/Unity/Hub/Editor/2020.2.2f1/Editor/Data/MonoBleedingEdge/lib/mono/unityjit'
Mono config path = 'C:/Program Files/Unity/Hub/Editor/2020.2.2f1/Editor/Data/MonoBleedingEdge/etc'
Using monoOptions --debugger-agent=transport=dt_socket,embedding=1,server=y,suspend=n,address=127.0.0.1:56032
Begin MonoManager ReloadAssembly
Registering precompiled unity dll's ...
Register platform support module: C:/Program Files/Unity/Hub/Editor/2020.2.2f1/Editor/Data/PlaybackEngines/WindowsStandaloneSupport/UnityEditor.WindowsStandalone.Extensions.dll
Registered in 0.002075 seconds.
Native extension for WindowsStandalone target not found
Refreshing native plugins compatible for Editor in 70.55 ms, found 0 plugins.
Preloading 0 native plugins for Editor in 0.00 ms.
Invoked RoslynAnalysisRunner static constructor.
RoslynAnalysisRunner will not be running.
RoslynAnalysisRunner has terminated.
Mono: successfully reloaded assembly
- Completed reload, in  3.402 seconds
Platform modules already initialized, skipping
Registering precompiled user dll's ...
Registered in 0.000932 seconds.
Begin MonoManager ReloadAssembly
Native extension for WindowsStandalone target not found
Refreshing native plugins compatible for Editor in 0.41 ms, found 0 plugins.
Preloading 0 native plugins for Editor in 0.00 ms.
Invoked RoslynAnalysisRunner static constructor.
RoslynAnalysisRunner will not be running.
RoslynAnalysisRunner has terminated.
Mono: successfully reloaded assembly
- Completed reload, in  2.031 seconds
Platform modules already initialized, skipping
========================================================================
Worker process is ready to serve import requests
Launched and connected shader compiler UnityShaderCompiler.exe after 0.08 seconds
Refreshing native plugins compatible for Editor in 0.45 ms, found 0 plugins.
Preloading 0 native plugins for Editor in 0.00 ms.
Unloading 1603 Unused Serialized files (Serialized files now loaded: 0)
System memory in use before: 86.3 MB.
System memory in use after: 86.4 MB.

Unloading 72 unused Assets to reduce memory usage. Loaded Objects now: 2054.
Total: 4.063000 ms (FindLiveObjects: 0.323500 ms CreateObjectMapping: 0.161500 ms MarkObjects: 3.245200 ms  DeleteObjects: 0.330600 ms)

========================================================================
Received Import Request.
  path: Assets/GameJamInnerSpace/Scripts/Player.cs
  artifactKey: Guid(3b55930ed98c7624e943d72e973b20f9) Importer(815301076,1909f56bfc062723c751e8b465ee728b)
Start importing Assets/GameJamInnerSpace/Scripts/Player.cs using Guid(3b55930ed98c7624e943d72e973b20f9) Importer(815301076,1909f56bfc062723c751e8b465ee728b)  -> (artifact id: '2abd8b5f06e55025729b2495f539e461') in 0.052259 seconds
  Import took 0.056861 seconds .

========================================================================
Received Import Request.
  Time since last request: 555.795008 seconds.
  path: Assets/GameJamInnerSpace/Scripts/Player.cs
  artifactKey: Guid(3b55930ed98c7624e943d72e973b20f9) Importer(815301076,1909f56bfc062723c751e8b465ee728b)
Start importing Assets/GameJamInnerSpace/Scripts/Player.cs using Guid(3b55930ed98c7624e943d72e973b20f9) Importer(815301076,1909f56bfc062723c751e8b465ee728b)  -> (artifact id: '7197e20de54be506ecbf099ca35245d5') in 0.010733 seconds
  Import took 0.015723 seconds .

========================================================================
Received Prepare
Registering precompiled user dll's ...
Registered in 0.000702 seconds.
Begin MonoManager ReloadAssembly
Native extension for WindowsStandalone target not found
Refreshing native plugins compatible for Editor in 0.33 ms, found 0 plugins.
Preloading 0 native plugins for Editor in 0.00 ms.
Warning: Annotation not found!
UnityEngine.StackTraceUtility:ExtractStackTrace ()
UnityEditor.ProBuilder.EditorUtility:SetGizmoIconEnabled (System.Type,bool) (at Library/PackageCache/com.unity.probuilder@4.4.0/Editor/EditorCore/EditorUtility.cs:593)
UnityEditor.ProBuilder.HierarchyListener:.cctor () (at Library/PackageCache/com.unity.probuilder@4.4.0/Editor/EditorCore/HierarchyListener.cs:21)
System.Runtime.CompilerServices.RuntimeHelpers:RunClassConstructor (System.RuntimeTypeHandle)
UnityEditor.EditorAssemblies:ProcessInitializeOnLoadAttributes (System.Type[])

[Library/PackageCache/com.unity.probuilder@4.4.0/Editor/EditorCore/EditorUtility.cs line 593]

Invoked RoslynAnalysisRunner static constructor.
RoslynAnalysisRunner will not be running.
RoslynAnalysisRunner has terminated.
Mono: successfully reloaded assembly
- Completed reload, in  1.023 seconds
Platform modules already initialized, skipping
Refreshing native plugins compatible for Editor in 0.33 ms, found 0 plugins.
Preloading 0 native plugins for Editor in 0.00 ms.
Unloading 1526 Unused Serialized files (Serialized files now loaded: 0)
System memory in use before: 82.0 MB.
System memory in use after: 82.1 MB.

Unloading 5 unused Assets to reduce memory usage. Loaded Objects now: 2056.
Total: 3.221200 ms (FindLiveObjects: 0.224500 ms CreateObjectMapping: 0.063700 ms MarkObjects: 2.718200 ms  DeleteObjects: 0.212000 ms)

========================================================================
Received Import Request.
  Time since last request: 634.907683 seconds.
  path: Assets/SpaceFighter/Art Assets
  artifactKey: Guid(46a47d2964656da41904b8dd944a66b2) Importer(815301076,1909f56bfc062723c751e8b465ee728b)
Start importing Assets/SpaceFighter/Art Assets using Guid(46a47d2964656da41904b8dd944a66b2) Importer(815301076,1909f56bfc062723c751e8b465ee728b)  -> (artifact id: '1c9b687c56d1d64f07edbefc99e3ba8f') in 0.013598 seconds
  Import took 0.017089 seconds .

========================================================================
Received Import Request.
  Time since last request: 0.000300 seconds.
  path: Assets/SpaceFighter/Art Assets
  artifactKey: Guid(46a47d2964656da41904b8dd944a66b2) Importer(815301076,1909f56bfc062723c751e8b465ee728b)
Start importing Assets/SpaceFighter/Art Assets using Guid(46a47d2964656da41904b8dd944a66b2) Importer(815301076,1909f56bfc062723c751e8b465ee728b)  -> (artifact id: '1c9b687c56d1d64f07edbefc99e3ba8f') in 0.003574 seconds
  Import took 0.006895 seconds .

========================================================================
Received Import Request.
  Time since last request: 1.058804 seconds.
  path: Assets/SpaceFighter/Art Assets/CannonLow_FBX.fbx
  artifactKey: Guid(873f12d87be8630438b877f50e96d434) Importer(815301076,1909f56bfc062723c751e8b465ee728b)
Start importing Assets/SpaceFighter/Art Assets/CannonLow_FBX.fbx using Guid(873f12d87be8630438b877f50e96d434) Importer(815301076,1909f56bfc062723c751e8b465ee728b)  -> (artifact id: '67bea3e05667494aeea242ad0cd2be89') in 0.157113 seconds
  Import took 0.160171 seconds .

========================================================================
Received Import Request.
  Time since last request: 0.000210 seconds.
  path: Assets/SpaceFighter/Art Assets/CannonMedium_FBX.fbx
  artifactKey: Guid(27ae1315ca7386c4380ea66773476fc4) Importer(815301076,1909f56bfc062723c751e8b465ee728b)
Start importing Assets/SpaceFighter/Art Assets/CannonMedium_FBX.fbx using Guid(27ae1315ca7386c4380ea66773476fc4) Importer(815301076,1909f56bfc062723c751e8b465ee728b)  -> (artifact id: '7c86c16e44f81362ea857a1774de6cf6') in 0.024851 seconds
  Import took 0.028148 seconds .

========================================================================
Received Import Request.
  Time since last request: 0.000264 seconds.
  path: Assets/SpaceFighter/Art Assets/FighterLow_FBX.fbx
  artifactKey: Guid(6f679f9f2b4323f4eb8c1e642c986c87) Importer(815301076,1909f56bfc062723c751e8b465ee728b)
Start importing Assets/SpaceFighter/Art Assets/FighterLow_FBX.fbx using Guid(6f679f9f2b4323f4eb8c1e642c986c87) Importer(815301076,1909f56bfc062723c751e8b465ee728b)  -> (artifact id: '414fad3a2e7e720b1e917db4568e0ec8') in 0.029313 seconds
  Import took 0.032239 seconds .

========================================================================
Received Import Request.
  Time since last request: 0.000381 seconds.
  path: Assets/SpaceFighter/Art Assets/FighterMedium_FBX.fbx
  artifactKey: Guid(d5f02142fd614bc429559c3d9c05482c) Importer(815301076,1909f56bfc062723c751e8b465ee728b)
Start importing Assets/SpaceFighter/Art Assets/FighterMedium_FBX.fbx using Guid(d5f02142fd614bc429559c3d9c05482c) Importer(815301076,1909f56bfc062723c751e8b465ee728b)  -> (artifact id: '78a7c3ffaedafbcb9442073afed7e1f7') in 0.144105 seconds
  Import took 0.146925 seconds .

========================================================================
Received Import Request.
  Time since last request: 0.000236 seconds.
  path: Assets/SpaceFighter/Art Assets/EngineTrails_FBX.fbx
  artifactKey: Guid(58752080b7a2b014b984236fa50b1a31) Importer(815301076,1909f56bfc062723c751e8b465ee728b)
Start importing Assets/SpaceFighter/Art Assets/EngineTrails_FBX.fbx using Guid(58752080b7a2b014b984236fa50b1a31) Importer(815301076,1909f56bfc062723c751e8b465ee728b)  -> (artifact id: 'c8a339a1b2b6bb820e7a992f5c280e97') in 0.052916 seconds
  Import took 0.056468 seconds .

========================================================================
Received Import Request.
  Time since last request: 1.393482 seconds.
  path: Assets/SpaceFighter/FighterPrefabs
  artifactKey: Guid(3d3e1ef2cacbb374c89529fd54274db9) Importer(815301076,1909f56bfc062723c751e8b465ee728b)
Start importing Assets/SpaceFighter/FighterPrefabs using Guid(3d3e1ef2cacbb374c89529fd54274db9) Importer(815301076,1909f56bfc062723c751e8b465ee728b)  -> (artifact id: '33567105c4bffeb0ade7c808cb0011fc') in 0.008552 seconds
  Import took 0.011749 seconds .

========================================================================
Received Import Request.
  Time since last request: 0.006531 seconds.
  path: Assets/SpaceFighter/FighterPrefabs
  artifactKey: Guid(3d3e1ef2cacbb374c89529fd54274db9) Importer(815301076,1909f56bfc062723c751e8b465ee728b)
Start importing Assets/SpaceFighter/FighterPrefabs using Guid(3d3e1ef2cacbb374c89529fd54274db9) Importer(815301076,1909f56bfc062723c751e8b465ee728b)  -> (artifact id: '33567105c4bffeb0ade7c808cb0011fc') in 0.003057 seconds
  Import took 0.005923 seconds .

========================================================================
Received Import Request.
  Time since last request: 0.070722 seconds.
  path: Assets/SpaceFighter/FighterPrefabs/FighterLowPrefab.prefab
  artifactKey: Guid(a05129996ff473e41b080df163292620) Importer(815301076,1909f56bfc062723c751e8b465ee728b)
Start importing Assets/SpaceFighter/FighterPrefabs/FighterLowPrefab.prefab using Guid(a05129996ff473e41b080df163292620) Importer(815301076,1909f56bfc062723c751e8b465ee728b)  -> (artifact id: 'cc98cd2178e867823fe0fde4a81db0ab') in 0.013938 seconds
  Import took 0.017164 seconds .

========================================================================
Received Import Request.
  Time since last request: 0.000241 seconds.
  path: Assets/SpaceFighter/FighterPrefabs/FighterMediumPrefab.prefab
  artifactKey: Guid(2121120e731eda841a6c7793e7337aa5) Importer(815301076,1909f56bfc062723c751e8b465ee728b)
Start importing Assets/SpaceFighter/FighterPrefabs/FighterMediumPrefab.prefab using Guid(2121120e731eda841a6c7793e7337aa5) Importer(815301076,1909f56bfc062723c751e8b465ee728b)  -> (artifact id: '97df52790886344a5709b394c4f4129a') in 0.009863 seconds
  Import took 0.012577 seconds .

========================================================================
Received Import Request.
  Time since last request: 226.467549 seconds.
  path: Assets/GameJamInnerSpace/Scenes/SampleScene
  artifactKey: Guid(77e8c20a7e294814787346fda04afddf) Importer(815301076,1909f56bfc062723c751e8b465ee728b)
Start importing Assets/GameJamInnerSpace/Scenes/SampleScene using Guid(77e8c20a7e294814787346fda04afddf) Importer(815301076,1909f56bfc062723c751e8b465ee728b)  -> (artifact id: '04ecdb497564e0bc4464fd973dabb3eb') in 0.012216 seconds
  Import took 0.035993 seconds .

========================================================================
Received Import Request.
  Time since last request: 0.003909 seconds.
  path: Assets/GameJamInnerSpace/Scenes/SampleScene/LightingData.asset
  artifactKey: Guid(b0fc3cc927e4b0143af2c0a4b90ff10b) Importer(815301076,1909f56bfc062723c751e8b465ee728b)
Start importing Assets/GameJamInnerSpace/Scenes/SampleScene/LightingData.asset using Guid(b0fc3cc927e4b0143af2c0a4b90ff10b) Importer(815301076,1909f56bfc062723c751e8b465ee728b)  -> (artifact id: '54bb86bcdf332973a3933476f3ef34a7') in 0.011432 seconds
  Import took 0.087779 seconds .

========================================================================
Received Import Request.
  Time since last request: 0.034102 seconds.
  path: Assets/GameJamInnerSpace/Scenes/SampleScene/ReflectionProbe-0.exr
  artifactKey: Guid(00c28f3ea8d5b2e4cbbb3d9ab4482545) Importer(815301076,1909f56bfc062723c751e8b465ee728b)
Start importing Assets/GameJamInnerSpace/Scenes/SampleScene/ReflectionProbe-0.exr using Guid(00c28f3ea8d5b2e4cbbb3d9ab4482545) Importer(815301076,1909f56bfc062723c751e8b465ee728b)  -> (artifact id: '727cbb569a5d2b3fde98aed9fb39d0a3') in 0.106976 seconds
  Import took 0.110493 seconds .

========================================================================
Received Import Request.
  Time since last request: 18.036044 seconds.
  path: Assets/StylRocksMagic/StylRocksMagic_3dModels/StylRocksMagic_Unity_LOD0.fbx
  artifactKey: Guid(ba0f9b3d54f9cba4492f05a160a3dda8) Importer(815301076,1909f56bfc062723c751e8b465ee728b)
Start importing Assets/StylRocksMagic/StylRocksMagic_3dModels/StylRocksMagic_Unity_LOD0.fbx using Guid(ba0f9b3d54f9cba4492f05a160a3dda8) Importer(815301076,1909f56bfc062723c751e8b465ee728b)  -> (artifact id: '7bd396a3acdb74cd8a5f80086fd58a47') in 0.140328 seconds
  Import took 0.149747 seconds .

========================================================================
Received Import Request.
  Time since last request: 0.001846 seconds.
  path: Assets/StylRocksMagic/StylRocksMagic_3dModels/StylRocksMagic_Unity_LOD2.fbx
  artifactKey: Guid(c2f79e21e006fba4c8c77c508b688343) Importer(815301076,1909f56bfc062723c751e8b465ee728b)
Start importing Assets/StylRocksMagic/StylRocksMagic_3dModels/StylRocksMagic_Unity_LOD2.fbx using Guid(c2f79e21e006fba4c8c77c508b688343) Importer(815301076,1909f56bfc062723c751e8b465ee728b)  -> (artifact id: 'ffc7835e51864782954866af531fc41c') in 0.128481 seconds
  Import took 0.134116 seconds .

========================================================================
Received Import Request.
  Time since last request: 0.000289 seconds.
  path: Assets/StylRocksMagic/StylRocksMagic_3dModels/StylRocksMagic_Unity_LOD1.fbx
  artifactKey: Guid(27b55ee0396242b44aa3724b40d8b698) Importer(815301076,1909f56bfc062723c751e8b465ee728b)
Start importing Assets/StylRocksMagic/StylRocksMagic_3dModels/StylRocksMagic_Unity_LOD1.fbx using Guid(27b55ee0396242b44aa3724b40d8b698) Importer(815301076,1909f56bfc062723c751e8b465ee728b)  -> (artifact id: 'd868073d6eabad78d4475520c2ed77db') in 0.106062 seconds
  Import took 0.111997 seconds .

========================================================================
Received Import Request.
  Time since last request: 0.994992 seconds.
  path: Assets/StylRocksMagic/StylRocksMagic_Prefabs/StylRocksMagic_1_LOD0.prefab
  artifactKey: Guid(2c2fd9cd7f114c3429836b1d2a17fe93) Importer(815301076,1909f56bfc062723c751e8b465ee728b)
Start importing Assets/StylRocksMagic/StylRocksMagic_Prefabs/StylRocksMagic_1_LOD0.prefab using Guid(2c2fd9cd7f114c3429836b1d2a17fe93) Importer(815301076,1909f56bfc062723c751e8b465ee728b)  -> (artifact id: 'ff6d5dd9b1233ef90dcae292e59be923') in 0.242873 seconds
  Import took 0.247609 seconds .

========================================================================
Received Import Request.
  Time since last request: 0.000248 seconds.
  path: Assets/StylRocksMagic/StylRocksMagic_Prefabs/StylRocksMagic_3_LOD1.prefab
  artifactKey: Guid(2c20c83edb8a01047a8955500376e4ad) Importer(815301076,1909f56bfc062723c751e8b465ee728b)
Start importing Assets/StylRocksMagic/StylRocksMagic_Prefabs/StylRocksMagic_3_LOD1.prefab using Guid(2c20c83edb8a01047a8955500376e4ad) Importer(815301076,1909f56bfc062723c751e8b465ee728b)  -> (artifact id: 'd29e96dada7a02ba2db211d14dc100ad') in 0.083287 seconds
  Import took 0.089905 seconds .

========================================================================
Received Import Request.
  Time since last request: 0.000262 seconds.
  path: Assets/StylRocksMagic/StylRocksMagic_Prefabs/StylRocksMagic_2_LOD0.prefab
  artifactKey: Guid(7314b9d34785e5940a8ef2a45ac3503a) Importer(815301076,1909f56bfc062723c751e8b465ee728b)
Start importing Assets/StylRocksMagic/StylRocksMagic_Prefabs/StylRocksMagic_2_LOD0.prefab using Guid(7314b9d34785e5940a8ef2a45ac3503a) Importer(815301076,1909f56bfc062723c751e8b465ee728b)  -> (artifact id: '3b1c9de9d5eff8b78582336456b7bb4b') in 0.088202 seconds
  Import took 0.163109 seconds .

========================================================================
Received Import Request.
  Time since last request: 0.000299 seconds.
  path: Assets/StylRocksMagic/StylRocksMagic_Prefabs/StylRocksMagic_1_LOD2.prefab
  artifactKey: Guid(f44ce0e119308e845951af39be68af45) Importer(815301076,1909f56bfc062723c751e8b465ee728b)
Start importing Assets/StylRocksMagic/StylRocksMagic_Prefabs/StylRocksMagic_1_LOD2.prefab using Guid(f44ce0e119308e845951af39be68af45) Importer(815301076,1909f56bfc062723c751e8b465ee728b)  -> (artifact id: 'def636441ae061e8ea79bfa8571ed0e7') in 0.037328 seconds
  Import took 0.045021 seconds .

========================================================================
Received Import Request.
  Time since last request: 0.000234 seconds.
  path: Assets/StylRocksMagic/StylRocksMagic_Prefabs/StylRocksMagic_2_LOD1.prefab
  artifactKey: Guid(e2af45986a632c54a9815b569abf04dc) Importer(815301076,1909f56bfc062723c751e8b465ee728b)
Start importing Assets/StylRocksMagic/StylRocksMagic_Prefabs/StylRocksMagic_2_LOD1.prefab using Guid(e2af45986a632c54a9815b569abf04dc) Importer(815301076,1909f56bfc062723c751e8b465ee728b)  -> (artifact id: 'd478db1fa0091728e6b5b52d08ca49ef') in 0.040884 seconds
  Import took 0.045499 seconds .

========================================================================
Received Import Request.
  Time since last request: 0.000273 seconds.
  path: Assets/StylRocksMagic/StylRocksMagic_Prefabs/StylRocksMagic_4_LOD1.prefab
  artifactKey: Guid(e93a6573432b82846a6139cf1f5c5e51) Importer(815301076,1909f56bfc062723c751e8b465ee728b)
Start importing Assets/StylRocksMagic/StylRocksMagic_Prefabs/StylRocksMagic_4_LOD1.prefab using Guid(e93a6573432b82846a6139cf1f5c5e51) Importer(815301076,1909f56bfc062723c751e8b465ee728b)  -> (artifact id: 'c1e3e9507119f432511e81a00c399614') in 0.053888 seconds
  Import took 0.094215 seconds .

========================================================================
Received Import Request.
  Time since last request: 0.000294 seconds.
  path: Assets/StylRocksMagic/StylRocksMagic_Prefabs/StylRocksMagic_1_LOD1.prefab
  artifactKey: Guid(82b6ef6930b6d6942a4c61f7fa80ee69) Importer(815301076,1909f56bfc062723c751e8b465ee728b)
Start importing Assets/StylRocksMagic/StylRocksMagic_Prefabs/StylRocksMagic_1_LOD1.prefab using Guid(82b6ef6930b6d6942a4c61f7fa80ee69) Importer(815301076,1909f56bfc062723c751e8b465ee728b)  -> (artifact id: '3b7a47af43650633dec5ee48b29d68d5') in 0.065943 seconds
  Import took 0.073220 seconds .

========================================================================
Received Import Request.
  Time since last request: 0.000262 seconds.
  path: Assets/StylRocksMagic/StylRocksMagic_Prefabs/StylRocksMagic_3_LOD0.prefab
  artifactKey: Guid(abf2a0eb6df7a144b8ac342669952bd8) Importer(815301076,1909f56bfc062723c751e8b465ee728b)
Start importing Assets/StylRocksMagic/StylRocksMagic_Prefabs/StylRocksMagic_3_LOD0.prefab using Guid(abf2a0eb6df7a144b8ac342669952bd8) Importer(815301076,1909f56bfc062723c751e8b465ee728b)  -> (artifact id: '174af719ad000faca2370683ddb030af') in 0.039443 seconds
  Import took 0.096149 seconds .

========================================================================
Received Import Request.
  Time since last request: 0.000321 seconds.
  path: Assets/StylRocksMagic/StylRocksMagic_Prefabs/StylRocksMagic_1_LOD1.prefab
  artifactKey: Guid(82b6ef6930b6d6942a4c61f7fa80ee69) Importer(815301076,1909f56bfc062723c751e8b465ee728b)
Start importing Assets/StylRocksMagic/StylRocksMagic_Prefabs/StylRocksMagic_1_LOD1.prefab using Guid(82b6ef6930b6d6942a4c61f7fa80ee69) Importer(815301076,1909f56bfc062723c751e8b465ee728b)  -> (artifact id: '3b7a47af43650633dec5ee48b29d68d5') in 0.029154 seconds
  Import took 0.034119 seconds .

========================================================================
Received Import Request.
  Time since last request: 0.000276 seconds.
  path: Assets/StylRocksMagic/StylRocksMagic_Prefabs/StylRocksMagic_2_LOD2.prefab
  artifactKey: Guid(9fc931866da335e4b890d84582588f81) Importer(815301076,1909f56bfc062723c751e8b465ee728b)
Start importing Assets/StylRocksMagic/StylRocksMagic_Prefabs/StylRocksMagic_2_LOD2.prefab using Guid(9fc931866da335e4b890d84582588f81) Importer(815301076,1909f56bfc062723c751e8b465ee728b)  -> (artifact id: '9970882bf69d985820a870d9e222b5db') in 0.126298 seconds
  Import took 0.131750 seconds .

========================================================================
Received Import Request.
  Time since last request: 0.000321 seconds.
  path: Assets/StylRocksMagic/StylRocksMagic_Prefabs/StylRocksMagic_3_LOD2.prefab
  artifactKey: Guid(c22a4bb9c0e33d244a9e6c3ed599b376) Importer(815301076,1909f56bfc062723c751e8b465ee728b)
Start importing Assets/StylRocksMagic/StylRocksMagic_Prefabs/StylRocksMagic_3_LOD2.prefab using Guid(c22a4bb9c0e33d244a9e6c3ed599b376) Importer(815301076,1909f56bfc062723c751e8b465ee728b)  -> (artifact id: '888de3d69fa357750350c1d661d1004a') in 0.090468 seconds
  Import took 0.147227 seconds .

========================================================================
Received Import Request.
  Time since last request: 0.000260 seconds.
  path: Assets/StylRocksMagic/StylRocksMagic_Prefabs/StylRocksMagic_4_LOD0.prefab
  artifactKey: Guid(4944276ff6bc3a44e8a8da53180655a5) Importer(815301076,1909f56bfc062723c751e8b465ee728b)
Start importing Assets/StylRocksMagic/StylRocksMagic_Prefabs/StylRocksMagic_4_LOD0.prefab using Guid(4944276ff6bc3a44e8a8da53180655a5) Importer(815301076,1909f56bfc062723c751e8b465ee728b)  -> (artifact id: 'ef3c4fa47d6a0ec3e5caffeb9bec0625') in 0.038751 seconds
  Import took 0.043855 seconds .

========================================================================
Received Import Request.
  Time since last request: 5.267731 seconds.
  path: Assets/StylRocksMagic/StylRocksMagic_Prefabs/StylRocksMagic_4_LOD2.prefab
  artifactKey: Guid(20f839ac523f2154e8889236905b3f7a) Importer(815301076,1909f56bfc062723c751e8b465ee728b)
Start importing Assets/StylRocksMagic/StylRocksMagic_Prefabs/StylRocksMagic_4_LOD2.prefab using Guid(20f839ac523f2154e8889236905b3f7a) Importer(815301076,1909f56bfc062723c751e8b465ee728b)  -> (artifact id: 'cb7acaa099722b7e8c00ae960b0717e0') in 0.027276 seconds
  Import took 0.031096 seconds .

========================================================================
Received Import Request.
  Time since last request: 0.000240 seconds.
  path: Assets/StylRocksMagic/StylRocksMagic_Prefabs/StylRocksMagic_5_LOD0.prefab
  artifactKey: Guid(b20616675454eff4d96f08f2e954af14) Importer(815301076,1909f56bfc062723c751e8b465ee728b)
Start importing Assets/StylRocksMagic/StylRocksMagic_Prefabs/StylRocksMagic_5_LOD0.prefab using Guid(b20616675454eff4d96f08f2e954af14) Importer(815301076,1909f56bfc062723c751e8b465ee728b)  -> (artifact id: '9040dc8bdbb83532ece5a9b3e1aabf86') in 0.026057 seconds
  Import took 0.033037 seconds .

========================================================================
Received Import Request.
  Time since last request: 0.000206 seconds.
  path: Assets/StylRocksMagic/StylRocksMagic_Prefabs/StylRocksMagic_5_LOD2.prefab
  artifactKey: Guid(d0f44517beb7c2847afffad3da3d9f7b) Importer(815301076,1909f56bfc062723c751e8b465ee728b)
Start importing Assets/StylRocksMagic/StylRocksMagic_Prefabs/StylRocksMagic_5_LOD2.prefab using Guid(d0f44517beb7c2847afffad3da3d9f7b) Importer(815301076,1909f56bfc062723c751e8b465ee728b)  -> (artifact id: '2b7249647080caac113d5f8572ec1457') in 0.027641 seconds
  Import took 0.031377 seconds .

========================================================================
Received Import Request.
  Time since last request: 0.000223 seconds.
  path: Assets/StylRocksMagic/StylRocksMagic_Prefabs/StylRocksMagic_5_LOD1.prefab
  artifactKey: Guid(db5426d790161a24b9844b0ba3fda7a4) Importer(815301076,1909f56bfc062723c751e8b465ee728b)
Start importing Assets/StylRocksMagic/StylRocksMagic_Prefabs/StylRocksMagic_5_LOD1.prefab using Guid(db5426d790161a24b9844b0ba3fda7a4) Importer(815301076,1909f56bfc062723c751e8b465ee728b)  -> (artifact id: 'a25f8cc01f31874ad8d3d3def16c6a6d') in 0.030146 seconds
  Import took 0.033849 seconds .

========================================================================
Received Import Request.
  Time since last request: 0.000204 seconds.
  path: Assets/StylRocksMagic/StylRocksMagic_Prefabs/StylRocksMagic_LOD1.prefab
  artifactKey: Guid(7f1487fd0cfb5d94f8bde41eae9d1d66) Importer(815301076,1909f56bfc062723c751e8b465ee728b)
Start importing Assets/StylRocksMagic/StylRocksMagic_Prefabs/StylRocksMagic_LOD1.prefab using Guid(7f1487fd0cfb5d94f8bde41eae9d1d66) Importer(815301076,1909f56bfc062723c751e8b465ee728b)  -> (artifact id: '614b7f80b649caf2fe3a227afb837c46') in 0.031193 seconds
  Import took 0.035028 seconds .

========================================================================
Received Import Request.
  Time since last request: 0.000295 seconds.
  path: Assets/StylRocksMagic/StylRocksMagic_Prefabs/StylRocksMagic_LOD2.prefab
  artifactKey: Guid(e585e789c8762614b94d3bf9299903a9) Importer(815301076,1909f56bfc062723c751e8b465ee728b)
Start importing Assets/StylRocksMagic/StylRocksMagic_Prefabs/StylRocksMagic_LOD2.prefab using Guid(e585e789c8762614b94d3bf9299903a9) Importer(815301076,1909f56bfc062723c751e8b465ee728b)  -> (artifact id: '0b4784fc81a580d0698c3f74f6eac800') in 0.029277 seconds
  Import took 0.034212 seconds .

========================================================================
Received Import Request.
  Time since last request: 0.000274 seconds.
  path: Assets/StylRocksMagic/StylRocksMagic_Prefabs/StylRocksMagic_LOD0.prefab
  artifactKey: Guid(ad22f56e0d27e9043a9987ae927861a6) Importer(815301076,1909f56bfc062723c751e8b465ee728b)
Start importing Assets/StylRocksMagic/StylRocksMagic_Prefabs/StylRocksMagic_LOD0.prefab using Guid(ad22f56e0d27e9043a9987ae927861a6) Importer(815301076,1909f56bfc062723c751e8b465ee728b)  -> (artifact id: '2959657edbf570329c9b25f0244c96c4') in 0.029981 seconds
  Import took 0.034283 seconds .

========================================================================
Received Import Request.
  Time since last request: 0.790307 seconds.
  path: Assets/StylRocksMagic/StylRocksMagic_TexturesMat/StylMagicRocks_AlbedoTransparency.tga
  artifactKey: Guid(db04750de3320e440b72eb7d8f5ab484) Importer(815301076,1909f56bfc062723c751e8b465ee728b)
Start importing Assets/StylRocksMagic/StylRocksMagic_TexturesMat/StylMagicRocks_AlbedoTransparency.tga using Guid(db04750de3320e440b72eb7d8f5ab484) Importer(815301076,1909f56bfc062723c751e8b465ee728b)  -> (artifact id: '0fb0e40dd905383e7c8548b65e7c397b') in 0.020334 seconds
  Import took 0.024308 seconds .

========================================================================
Received Import Request.
  Time since last request: 0.000241 seconds.
  path: Assets/StylRocksMagic/StylRocksMagic_TexturesMat/StylMagicRocks_Emissive.tga
  artifactKey: Guid(88013a4217f56554cb326c6e8094f8e5) Importer(815301076,1909f56bfc062723c751e8b465ee728b)
Start importing Assets/StylRocksMagic/StylRocksMagic_TexturesMat/StylMagicRocks_Emissive.tga using Guid(88013a4217f56554cb326c6e8094f8e5) Importer(815301076,1909f56bfc062723c751e8b465ee728b)  -> (artifact id: '0521831a5dc6824ccf9f143818e637f6') in 0.016190 seconds
  Import took 0.019500 seconds .

========================================================================
Received Import Request.
  Time since last request: 0.000227 seconds.
  path: Assets/StylRocksMagic/StylRocksMagic_TexturesMat/StylMagicRocks_MetallicSmoothness.tga
  artifactKey: Guid(24c79419008f930498c8992dd48037a4) Importer(815301076,1909f56bfc062723c751e8b465ee728b)
Start importing Assets/StylRocksMagic/StylRocksMagic_TexturesMat/StylMagicRocks_MetallicSmoothness.tga using Guid(24c79419008f930498c8992dd48037a4) Importer(815301076,1909f56bfc062723c751e8b465ee728b)  -> (artifact id: '0aaedf51e5a2466bb0ac08f2c40574f0') in 0.019994 seconds
  Import took 0.023336 seconds .

========================================================================
Received Import Request.
  Time since last request: 0.000219 seconds.
  path: Assets/StylRocksMagic/StylRocksMagic_TexturesMat/StylMagicRocks_AmbientOcclusion.tga
  artifactKey: Guid(57842d81f5d85e34bb1ba3cd8c6aa729) Importer(815301076,1909f56bfc062723c751e8b465ee728b)
Start importing Assets/StylRocksMagic/StylRocksMagic_TexturesMat/StylMagicRocks_AmbientOcclusion.tga using Guid(57842d81f5d85e34bb1ba3cd8c6aa729) Importer(815301076,1909f56bfc062723c751e8b465ee728b)  -> (artifact id: 'b52a42b6135c875c11cc04120c84f634') in 0.018442 seconds
  Import took 0.021978 seconds .

========================================================================
Received Import Request.
  Time since last request: 0.000230 seconds.
  path: Assets/StylRocksMagic/StylRocksMagic_TexturesMat/StylMagicRocks_NormalOpenGL.tga
  artifactKey: Guid(adf4ba81b2e699544ba3eaa5cf60eb73) Importer(815301076,1909f56bfc062723c751e8b465ee728b)
Start importing Assets/StylRocksMagic/StylRocksMagic_TexturesMat/StylMagicRocks_NormalOpenGL.tga using Guid(adf4ba81b2e699544ba3eaa5cf60eb73) Importer(815301076,1909f56bfc062723c751e8b465ee728b)  -> (artifact id: '43e02cd6696db678c5ca7b231eec2e6e') in 0.022476 seconds
  Import took 0.026386 seconds .

========================================================================
Received Import Request.
  Time since last request: 0.000327 seconds.
  path: Assets/StylRocksMagic/StylRocksMagic_TexturesMat/StylRocksMagic_Mat.mat
  artifactKey: Guid(9c4f53c1d4f27f94fafe5e5b27da9d08) Importer(815301076,1909f56bfc062723c751e8b465ee728b)
Start importing Assets/StylRocksMagic/StylRocksMagic_TexturesMat/StylRocksMagic_Mat.mat using Guid(9c4f53c1d4f27f94fafe5e5b27da9d08) Importer(815301076,1909f56bfc062723c751e8b465ee728b)  -> (artifact id: '130591195a5ca8a9a1f2e89d1f69bf20') in 0.038299 seconds
  Import took 0.042739 seconds .

========================================================================
Received Import Request.
  Time since last request: 16.717038 seconds.
  path: Assets/StylRocksMagic/StylRocksMagic_3dModels
  artifactKey: Guid(79434b755986cf74fbd3ea2bbdd6bfe8) Importer(815301076,1909f56bfc062723c751e8b465ee728b)
Start importing Assets/StylRocksMagic/StylRocksMagic_3dModels using Guid(79434b755986cf74fbd3ea2bbdd6bfe8) Importer(815301076,1909f56bfc062723c751e8b465ee728b)  -> (artifact id: 'e2ed2222b1eedd7d3cee3b56f8f226da') in 0.010409 seconds
  Import took 0.013761 seconds .

========================================================================
Received Import Request.
  Time since last request: 0.005063 seconds.
  path: Assets/StylRocksMagic/StylRocksMagic_3dModels
  artifactKey: Guid(79434b755986cf74fbd3ea2bbdd6bfe8) Importer(815301076,1909f56bfc062723c751e8b465ee728b)
Start importing Assets/StylRocksMagic/StylRocksMagic_3dModels using Guid(79434b755986cf74fbd3ea2bbdd6bfe8) Importer(815301076,1909f56bfc062723c751e8b465ee728b)  -> (artifact id: 'e2ed2222b1eedd7d3cee3b56f8f226da') in 0.004568 seconds
  Import took 0.007834 seconds .

========================================================================
Received Import Request.
  Time since last request: 0.849325 seconds.
  path: Assets/StylRocksMagic/StylRocksMagic_Prefabs
  artifactKey: Guid(fabc927eb0142b54abb3863e0f15bf73) Importer(815301076,1909f56bfc062723c751e8b465ee728b)
Start importing Assets/StylRocksMagic/StylRocksMagic_Prefabs using Guid(fabc927eb0142b54abb3863e0f15bf73) Importer(815301076,1909f56bfc062723c751e8b465ee728b)  -> (artifact id: '3d7e8fa0e8939de5d774f5584631f822') in 0.010972 seconds
  Import took 0.014640 seconds .

========================================================================
Received Import Request.
  Time since last request: 0.004368 seconds.
  path: Assets/StylRocksMagic/StylRocksMagic_Prefabs
  artifactKey: Guid(fabc927eb0142b54abb3863e0f15bf73) Importer(815301076,1909f56bfc062723c751e8b465ee728b)
Start importing Assets/StylRocksMagic/StylRocksMagic_Prefabs using Guid(fabc927eb0142b54abb3863e0f15bf73) Importer(815301076,1909f56bfc062723c751e8b465ee728b)  -> (artifact id: '3d7e8fa0e8939de5d774f5584631f822') in 0.004285 seconds
  Import took 0.007838 seconds .

========================================================================
Received Import Request.
  Time since last request: 0.662104 seconds.
  path: Assets/StylRocksMagic/StylRocksMagic_TexturesMat
  artifactKey: Guid(d0afbada1e0702a4296436a88de33b2a) Importer(815301076,1909f56bfc062723c751e8b465ee728b)
Start importing Assets/StylRocksMagic/StylRocksMagic_TexturesMat using Guid(d0afbada1e0702a4296436a88de33b2a) Importer(815301076,1909f56bfc062723c751e8b465ee728b)  -> (artifact id: '1a8b7226b4011a38ffbbadd815096896') in 0.014673 seconds
  Import took 0.017991 seconds .

========================================================================
Received Import Request.
  Time since last request: 0.001872 seconds.
  path: Assets/StylRocksMagic/StylRocksMagic_TexturesMat
  artifactKey: Guid(d0afbada1e0702a4296436a88de33b2a) Importer(815301076,1909f56bfc062723c751e8b465ee728b)
Start importing Assets/StylRocksMagic/StylRocksMagic_TexturesMat using Guid(d0afbada1e0702a4296436a88de33b2a) Importer(815301076,1909f56bfc062723c751e8b465ee728b)  -> (artifact id: '1a8b7226b4011a38ffbbadd815096896') in 0.004601 seconds
  Import took 0.007850 seconds .

========================================================================
Received Import Request.
  Time since last request: 1950.431316 seconds.
  path: Assets/StarterAssets/Environment/Art/Models/Box_350x250x200_Mesh.fbx
  artifactKey: Guid(c6a55ba99e9e99d41b7eef123e311a43) Importer(815301076,1909f56bfc062723c751e8b465ee728b)
Start importing Assets/StarterAssets/Environment/Art/Models/Box_350x250x200_Mesh.fbx using Guid(c6a55ba99e9e99d41b7eef123e311a43) Importer(815301076,1909f56bfc062723c751e8b465ee728b)  -> (artifact id: '2b48db025cb7b50a508f00785dc87f73') in 0.083399 seconds
  Import took 0.089898 seconds .

========================================================================
Received Import Request.
  Time since last request: 0.000258 seconds.
  path: Assets/StarterAssets/Environment/Art/Models/Box_350x250x300_Mesh.fbx
  artifactKey: Guid(d2f0da3998423f44594868ffed55c3e6) Importer(815301076,1909f56bfc062723c751e8b465ee728b)
Start importing Assets/StarterAssets/Environment/Art/Models/Box_350x250x300_Mesh.fbx using Guid(d2f0da3998423f44594868ffed55c3e6) Importer(815301076,1909f56bfc062723c751e8b465ee728b)  -> (artifact id: '9e4bf0b757ab2fd790914dcd388d5e83') in 0.048719 seconds
  Import took 0.053098 seconds .

========================================================================
Received Import Request.
  Time since last request: 2.208171 seconds.
  path: Assets/StarterAssets/Environment/Art/Models/Ground_Mesh.fbx
  artifactKey: Guid(aa38d7b0e367ecc4aac915dcfe957879) Importer(815301076,1909f56bfc062723c751e8b465ee728b)
Start importing Assets/StarterAssets/Environment/Art/Models/Ground_Mesh.fbx using Guid(aa38d7b0e367ecc4aac915dcfe957879) Importer(815301076,1909f56bfc062723c751e8b465ee728b)  -> (artifact id: 'b6fd2b61931864dcbdf0a63fd3462e75') in 0.041242 seconds
  Import took 0.044868 seconds .

========================================================================
Received Import Request.
  Time since last request: 0.007364 seconds.
  path: Assets/StarterAssets/Environment/Art/Models/Ground_Mesh.fbx
  artifactKey: Guid(aa38d7b0e367ecc4aac915dcfe957879) Importer(815301076,1909f56bfc062723c751e8b465ee728b)
Start importing Assets/StarterAssets/Environment/Art/Models/Ground_Mesh.fbx using Guid(aa38d7b0e367ecc4aac915dcfe957879) Importer(815301076,1909f56bfc062723c751e8b465ee728b)  -> (artifact id: 'b6fd2b61931864dcbdf0a63fd3462e75') in 0.024355 seconds
  Import took 0.028154 seconds .

========================================================================
Received Prepare
Registering precompiled user dll's ...
Registered in 0.001209 seconds.
Begin MonoManager ReloadAssembly
Native extension for WindowsStandalone target not found
Refreshing native plugins compatible for Editor in 0.63 ms, found 0 plugins.
Preloading 0 native plugins for Editor in 0.00 ms.
Warning: Annotation not found!
UnityEngine.StackTraceUtility:ExtractStackTrace ()
UnityEditor.ProBuilder.EditorUtility:SetGizmoIconEnabled (System.Type,bool) (at Library/PackageCache/com.unity.probuilder@4.4.0/Editor/EditorCore/EditorUtility.cs:593)
UnityEditor.ProBuilder.HierarchyListener:.cctor () (at Library/PackageCache/com.unity.probuilder@4.4.0/Editor/EditorCore/HierarchyListener.cs:21)
System.Runtime.CompilerServices.RuntimeHelpers:RunClassConstructor (System.RuntimeTypeHandle)
UnityEditor.EditorAssemblies:ProcessInitializeOnLoadAttributes (System.Type[])

[Library/PackageCache/com.unity.probuilder@4.4.0/Editor/EditorCore/EditorUtility.cs line 593]

Invoked RoslynAnalysisRunner static constructor.
RoslynAnalysisRunner will not be running.
RoslynAnalysisRunner has terminated.
Mono: successfully reloaded assembly
- Completed reload, in  2.320 seconds
Platform modules already initialized, skipping
Refreshing native plugins compatible for Editor in 0.89 ms, found 0 plugins.
Preloading 0 native plugins for Editor in 0.00 ms.
Unloading 1526 Unused Serialized files (Serialized files now loaded: 0)
System memory in use before: 85.7 MB.
System memory in use after: 85.8 MB.

Unloading 5 unused Assets to reduce memory usage. Loaded Objects now: 2109.
Total: 3.600100 ms (FindLiveObjects: 0.368900 ms CreateObjectMapping: 0.150600 ms MarkObjects: 2.873800 ms  DeleteObjects: 0.203600 ms)

========================================================================
Received Prepare
Registering precompiled user dll's ...
Registered in 0.001130 seconds.
Begin MonoManager ReloadAssembly
Native extension for WindowsStandalone target not found
Refreshing native plugins compatible for Editor in 0.41 ms, found 0 plugins.
Preloading 0 native plugins for Editor in 0.00 ms.
Warning: Annotation not found!
UnityEngine.StackTraceUtility:ExtractStackTrace ()
UnityEditor.ProBuilder.EditorUtility:SetGizmoIconEnabled (System.Type,bool) (at Library/PackageCache/com.unity.probuilder@4.4.0/Editor/EditorCore/EditorUtility.cs:593)
UnityEditor.ProBuilder.HierarchyListener:.cctor () (at Library/PackageCache/com.unity.probuilder@4.4.0/Editor/EditorCore/HierarchyListener.cs:21)
System.Runtime.CompilerServices.RuntimeHelpers:RunClassConstructor (System.RuntimeTypeHandle)
UnityEditor.EditorAssemblies:ProcessInitializeOnLoadAttributes (System.Type[])

[Library/PackageCache/com.unity.probuilder@4.4.0/Editor/EditorCore/EditorUtility.cs line 593]

Invoked RoslynAnalysisRunner static constructor.
RoslynAnalysisRunner will not be running.
RoslynAnalysisRunner has terminated.
Mono: successfully reloaded assembly
- Completed reload, in  1.327 seconds
Platform modules already initialized, skipping
Refreshing native plugins compatible for Editor in 0.39 ms, found 0 plugins.
Preloading 0 native plugins for Editor in 0.00 ms.
Unloading 1526 Unused Serialized files (Serialized files now loaded: 0)
System memory in use before: 85.7 MB.
System memory in use after: 85.8 MB.

Unloading 5 unused Assets to reduce memory usage. Loaded Objects now: 2111.
Total: 3.212000 ms (FindLiveObjects: 0.253700 ms CreateObjectMapping: 0.089600 ms MarkObjects: 2.668800 ms  DeleteObjects: 0.198000 ms)

========================================================================
Received Prepare
Registering precompiled user dll's ...
Registered in 0.000779 seconds.
Begin MonoManager ReloadAssembly
Native extension for WindowsStandalone target not found
Refreshing native plugins compatible for Editor in 0.60 ms, found 0 plugins.
Preloading 0 native plugins for Editor in 0.00 ms.
Warning: Annotation not found!
UnityEngine.StackTraceUtility:ExtractStackTrace ()
UnityEditor.ProBuilder.EditorUtility:SetGizmoIconEnabled (System.Type,bool) (at Library/PackageCache/com.unity.probuilder@4.4.0/Editor/EditorCore/EditorUtility.cs:593)
UnityEditor.ProBuilder.HierarchyListener:.cctor () (at Library/PackageCache/com.unity.probuilder@4.4.0/Editor/EditorCore/HierarchyListener.cs:21)
System.Runtime.CompilerServices.RuntimeHelpers:RunClassConstructor (System.RuntimeTypeHandle)
UnityEditor.EditorAssemblies:ProcessInitializeOnLoadAttributes (System.Type[])

[Library/PackageCache/com.unity.probuilder@4.4.0/Editor/EditorCore/EditorUtility.cs line 593]

Invoked RoslynAnalysisRunner static constructor.
RoslynAnalysisRunner will not be running.
RoslynAnalysisRunner has terminated.
Mono: successfully reloaded assembly
- Completed reload, in  1.179 seconds
Platform modules already initialized, skipping
Refreshing native plugins compatible for Editor in 0.42 ms, found 0 plugins.
Preloading 0 native plugins for Editor in 0.00 ms.
Unloading 1526 Unused Serialized files (Serialized files now loaded: 0)
System memory in use before: 85.8 MB.
System memory in use after: 85.8 MB.

Unloading 5 unused Assets to reduce memory usage. Loaded Objects now: 2113.
Total: 6.487600 ms (FindLiveObjects: 0.421700 ms CreateObjectMapping: 0.172100 ms MarkObjects: 5.498500 ms  DeleteObjects: 0.391600 ms)

========================================================================
Received Prepare
Registering precompiled user dll's ...
Registered in 0.002746 seconds.
Begin MonoManager ReloadAssembly
Native extension for WindowsStandalone target not found
Refreshing native plugins compatible for Editor in 0.44 ms, found 0 plugins.
Preloading 0 native plugins for Editor in 0.00 ms.
Warning: Annotation not found!
UnityEngine.StackTraceUtility:ExtractStackTrace ()
UnityEditor.ProBuilder.EditorUtility:SetGizmoIconEnabled (System.Type,bool) (at Library/PackageCache/com.unity.probuilder@4.4.0/Editor/EditorCore/EditorUtility.cs:593)
UnityEditor.ProBuilder.HierarchyListener:.cctor () (at Library/PackageCache/com.unity.probuilder@4.4.0/Editor/EditorCore/HierarchyListener.cs:21)
System.Runtime.CompilerServices.RuntimeHelpers:RunClassConstructor (System.RuntimeTypeHandle)
UnityEditor.EditorAssemblies:ProcessInitializeOnLoadAttributes (System.Type[])

[Library/PackageCache/com.unity.probuilder@4.4.0/Editor/EditorCore/EditorUtility.cs line 593]

Invoked RoslynAnalysisRunner static constructor.
RoslynAnalysisRunner will not be running.
RoslynAnalysisRunner has terminated.
Mono: successfully reloaded assembly
- Completed reload, in  2.038 seconds
Platform modules already initialized, skipping
Refreshing native plugins compatible for Editor in 0.50 ms, found 0 plugins.
Preloading 0 native plugins for Editor in 0.00 ms.
Unloading 1526 Unused Serialized files (Serialized files now loaded: 0)
System memory in use before: 85.8 MB.
System memory in use after: 85.8 MB.

Unloading 5 unused Assets to reduce memory usage. Loaded Objects now: 2115.
Total: 2.780900 ms (FindLiveObjects: 0.238500 ms CreateObjectMapping: 0.058900 ms MarkObjects: 2.302100 ms  DeleteObjects: 0.179400 ms)

========================================================================
Received Prepare
Registering precompiled user dll's ...
Registered in 0.001190 seconds.
Begin MonoManager ReloadAssembly
Native extension for WindowsStandalone target not found
Refreshing native plugins compatible for Editor in 0.38 ms, found 0 plugins.
Preloading 0 native plugins for Editor in 0.00 ms.
Warning: Annotation not found!
UnityEngine.StackTraceUtility:ExtractStackTrace ()
UnityEditor.ProBuilder.EditorUtility:SetGizmoIconEnabled (System.Type,bool) (at Library/PackageCache/com.unity.probuilder@4.4.0/Editor/EditorCore/EditorUtility.cs:593)
UnityEditor.ProBuilder.HierarchyListener:.cctor () (at Library/PackageCache/com.unity.probuilder@4.4.0/Editor/EditorCore/HierarchyListener.cs:21)
System.Runtime.CompilerServices.RuntimeHelpers:RunClassConstructor (System.RuntimeTypeHandle)
UnityEditor.EditorAssemblies:ProcessInitializeOnLoadAttributes (System.Type[])

[Library/PackageCache/com.unity.probuilder@4.4.0/Editor/EditorCore/EditorUtility.cs line 593]

Invoked RoslynAnalysisRunner static constructor.
RoslynAnalysisRunner will not be running.
RoslynAnalysisRunner has terminated.
Mono: successfully reloaded assembly
- Completed reload, in  1.429 seconds
Platform modules already initialized, skipping
Refreshing native plugins compatible for Editor in 0.43 ms, found 0 plugins.
Preloading 0 native plugins for Editor in 0.00 ms.
Unloading 1526 Unused Serialized files (Serialized files now loaded: 0)
System memory in use before: 85.8 MB.
System memory in use after: 85.8 MB.

Unloading 5 unused Assets to reduce memory usage. Loaded Objects now: 2117.
Total: 4.707900 ms (FindLiveObjects: 0.502600 ms CreateObjectMapping: 0.204600 ms MarkObjects: 3.805300 ms  DeleteObjects: 0.192600 ms)

========================================================================
Received Prepare
Registering precompiled user dll's ...
Registered in 0.000923 seconds.
Begin MonoManager ReloadAssembly
Native extension for WindowsStandalone target not found
Refreshing native plugins compatible for Editor in 0.41 ms, found 0 plugins.
Preloading 0 native plugins for Editor in 0.00 ms.
Warning: Annotation not found!
UnityEngine.StackTraceUtility:ExtractStackTrace ()
UnityEditor.ProBuilder.EditorUtility:SetGizmoIconEnabled (System.Type,bool) (at Library/PackageCache/com.unity.probuilder@4.4.0/Editor/EditorCore/EditorUtility.cs:593)
UnityEditor.ProBuilder.HierarchyListener:.cctor () (at Library/PackageCache/com.unity.probuilder@4.4.0/Editor/EditorCore/HierarchyListener.cs:21)
System.Runtime.CompilerServices.RuntimeHelpers:RunClassConstructor (System.RuntimeTypeHandle)
UnityEditor.EditorAssemblies:ProcessInitializeOnLoadAttributes (System.Type[])

[Library/PackageCache/com.unity.probuilder@4.4.0/Editor/EditorCore/EditorUtility.cs line 593]

Invoked RoslynAnalysisRunner static constructor.
RoslynAnalysisRunner will not be running.
RoslynAnalysisRunner has terminated.
Mono: successfully reloaded assembly
- Completed reload, in  1.360 seconds
Platform modules already initialized, skipping
Refreshing native plugins compatible for Editor in 0.35 ms, found 0 plugins.
Preloading 0 native plugins for Editor in 0.00 ms.
Unloading 1526 Unused Serialized files (Serialized files now loaded: 0)
System memory in use before: 85.8 MB.
System memory in use after: 85.8 MB.

Unloading 5 unused Assets to reduce memory usage. Loaded Objects now: 2119.
Total: 3.769000 ms (FindLiveObjects: 0.193400 ms CreateObjectMapping: 0.065400 ms MarkObjects: 3.320700 ms  DeleteObjects: 0.187300 ms)

========================================================================
Received Prepare
Registering precompiled user dll's ...
Registered in 0.001906 seconds.
Begin MonoManager ReloadAssembly
Native extension for WindowsStandalone target not found
Refreshing native plugins compatible for Editor in 0.44 ms, found 0 plugins.
Preloading 0 native plugins for Editor in 0.00 ms.
Warning: Annotation not found!
UnityEngine.StackTraceUtility:ExtractStackTrace ()
UnityEditor.ProBuilder.EditorUtility:SetGizmoIconEnabled (System.Type,bool) (at Library/PackageCache/com.unity.probuilder@4.4.0/Editor/EditorCore/EditorUtility.cs:593)
UnityEditor.ProBuilder.HierarchyListener:.cctor () (at Library/PackageCache/com.unity.probuilder@4.4.0/Editor/EditorCore/HierarchyListener.cs:21)
System.Runtime.CompilerServices.RuntimeHelpers:RunClassConstructor (System.RuntimeTypeHandle)
UnityEditor.EditorAssemblies:ProcessInitializeOnLoadAttributes (System.Type[])

[Library/PackageCache/com.unity.probuilder@4.4.0/Editor/EditorCore/EditorUtility.cs line 593]

Invoked RoslynAnalysisRunner static constructor.
RoslynAnalysisRunner will not be running.
RoslynAnalysisRunner has terminated.
Mono: successfully reloaded assembly
- Completed reload, in  1.958 seconds
Platform modules already initialized, skipping
Refreshing native plugins compatible for Editor in 0.43 ms, found 0 plugins.
Preloading 0 native plugins for Editor in 0.00 ms.
Unloading 1526 Unused Serialized files (Serialized files now loaded: 0)
System memory in use before: 86.8 MB.
System memory in use after: 86.9 MB.

Unloading 5 unused Assets to reduce memory usage. Loaded Objects now: 2121.
Total: 3.008700 ms (FindLiveObjects: 0.222400 ms CreateObjectMapping: 0.076400 ms MarkObjects: 2.512800 ms  DeleteObjects: 0.195400 ms)

========================================================================
Received Prepare
Registering precompiled user dll's ...
Registered in 0.000884 seconds.
Begin MonoManager ReloadAssembly
Native extension for WindowsStandalone target not found
Refreshing native plugins compatible for Editor in 0.74 ms, found 0 plugins.
Preloading 0 native plugins for Editor in 0.00 ms.
Warning: Annotation not found!
UnityEngine.StackTraceUtility:ExtractStackTrace ()
UnityEditor.ProBuilder.EditorUtility:SetGizmoIconEnabled (System.Type,bool) (at Library/PackageCache/com.unity.probuilder@4.4.0/Editor/EditorCore/EditorUtility.cs:593)
UnityEditor.ProBuilder.HierarchyListener:.cctor () (at Library/PackageCache/com.unity.probuilder@4.4.0/Editor/EditorCore/HierarchyListener.cs:21)
System.Runtime.CompilerServices.RuntimeHelpers:RunClassConstructor (System.RuntimeTypeHandle)
UnityEditor.EditorAssemblies:ProcessInitializeOnLoadAttributes (System.Type[])

[Library/PackageCache/com.unity.probuilder@4.4.0/Editor/EditorCore/EditorUtility.cs line 593]

Invoked RoslynAnalysisRunner static constructor.
RoslynAnalysisRunner will not be running.
RoslynAnalysisRunner has terminated.
Mono: successfully reloaded assembly
- Completed reload, in  1.999 seconds
Platform modules already initialized, skipping
Refreshing native plugins compatible for Editor in 0.40 ms, found 0 plugins.
Preloading 0 native plugins for Editor in 0.00 ms.
Unloading 1526 Unused Serialized files (Serialized files now loaded: 0)
System memory in use before: 85.8 MB.
System memory in use after: 85.9 MB.

Unloading 5 unused Assets to reduce memory usage. Loaded Objects now: 2123.
Total: 3.383400 ms (FindLiveObjects: 0.201300 ms CreateObjectMapping: 0.070400 ms MarkObjects: 2.925500 ms  DeleteObjects: 0.184200 ms)

========================================================================
Received Prepare
Refreshing native plugins compatible for Editor in 4.38 ms, found 0 plugins.
Preloading 0 native plugins for Editor in 0.00 ms.
Unloading 3 Unused Serialized files (Serialized files now loaded: 0)
System memory in use before: 55.6 MB.
System memory in use after: 55.7 MB.

Unloading 3 unused Assets to reduce memory usage. Loaded Objects now: 2123.
Total: 3.251300 ms (FindLiveObjects: 0.371500 ms CreateObjectMapping: 0.040200 ms MarkObjects: 2.693100 ms  DeleteObjects: 0.144200 ms)

AssetImportWorkerClient::OnTransportError - code=2 error=End of file
